<?xml version="1.0" encoding="UTF-8"?>
<testng-results ignored="0" total="1" passed="1" failed="0" skipped="0">
  <reporter-output>
    <line>
      <![CDATA[URL opened successfully...!!!]]>
    </line>
    <line>
      <![CDATA[<a target="_blank" href="C:\Users\Amir\eclipse-workspace\SafwanDataDriven\src\test\resources\screenshot\error.jpg">Screenshot</a> ]]>
    </line>
  </reporter-output>
  <suite started-at="2023-07-15T23:54:24 IST" name="TestNG" finished-at="2023-07-15T23:54:51 IST" duration-ms="26471">
    <groups>
    </groups>
    <test started-at="2023-07-15T23:54:24 IST" name="Bank Manager Login" finished-at="2023-07-15T23:54:51 IST" duration-ms="26471">
      <class name="com.lti.testcases.LoginTest">
        <test-method is-config="true" signature="setup()[pri:0, instance:com.lti.testcases.LoginTest@2dde1bff]" started-at="2023-07-15T23:54:24 IST" name="setup" finished-at="2023-07-15T23:54:42 IST" duration-ms="17917" status="PASS">
          <reporter-output>
            <line>
              <![CDATA[URL opened successfully...!!!]]>
            </line>
          </reporter-output>
        </test-method> <!-- setup -->
        <test-method signature="bankManagerLogin()[pri:0, instance:com.lti.testcases.LoginTest@2dde1bff]" started-at="2023-07-15T23:54:42 IST" name="bankManagerLogin" finished-at="2023-07-15T23:54:43 IST" duration-ms="322" status="PASS">
          <reporter-output>
            <line>
              <![CDATA[<a target="_blank" href="C:\Users\Amir\eclipse-workspace\SafwanDataDriven\src\test\resources\screenshot\error.jpg">Screenshot</a> ]]>
            </line>
          </reporter-output>
        </test-method> <!-- bankManagerLogin -->
        <test-method is-config="true" signature="teardown()[pri:0, instance:com.lti.testcases.LoginTest@2dde1bff]" started-at="2023-07-15T23:54:43 IST" name="teardown" finished-at="2023-07-15T23:54:51 IST" duration-ms="8022" status="PASS">
          <reporter-output>
          </reporter-output>
        </test-method> <!-- teardown -->
      </class> <!-- com.lti.testcases.LoginTest -->
    </test> <!-- Bank Manager Login -->
  </suite> <!-- TestNG -->
</testng-results>
