<?xml version="1.0" encoding="UTF-8"?>
<!-- Generated by org.testng.reporters.JUnitXMLReporter -->
<testsuite ignored="0" hostname="DESKTOP-RGJHHO9" failures="1" tests="2" name="Bank Manager Login" time="24.168" errors="0" timestamp="2023-07-22T21:46:12 IST">
  <testcase classname="com.lti.testcases.LoginTest" name="bankManagerLogin" time="0.178"/>
  <testcase classname="com.lti.testcases.LoginTest" name="bankManagerLogin1" time="0.091">
    <failure type="java.lang.AssertionError" message="expected [false] but found [true]">
      <![CDATA[java.lang.AssertionError: expected [false] but found [true]
at com.lti.testcases.LoginTest.bankManagerLogin1(LoginTest.java:27)
at java.base/java.util.ArrayList.forEach(ArrayList.java:1511)
... Removed 31 stack frames]]>
    </failure>
  </testcase> <!-- bankManagerLogin1 -->
</testsuite> <!-- Bank Manager Login -->
